0 info it worked if it ends with ok
1 verbose cli [ '/usr/bin/node', '/usr/bin/npm', 'run', 'test' ]
2 info using npm@3.5.2
3 info using node@v8.10.0
4 verbose run-script [ 'pretest', 'test', 'posttest' ]
5 info lifecycle php-import-checker@0.1.5~pretest: php-import-checker@0.1.5
6 silly lifecycle php-import-checker@0.1.5~pretest: no script for pretest, continuing
7 info lifecycle php-import-checker@0.1.5~test: php-import-checker@0.1.5
8 verbose lifecycle php-import-checker@0.1.5~test: unsafe-perm in lifecycle true
9 verbose lifecycle php-import-checker@0.1.5~test: PATH: /usr/share/npm/bin/node-gyp-bin:/Projects/php-import-checker/node_modules/.bin:/usr/local/sbin:/usr/local/bin:/usr/sbin:/usr/bin:/sbin:/bin
10 verbose lifecycle php-import-checker@0.1.5~test: CWD: /Projects/php-import-checker
11 silly lifecycle php-import-checker@0.1.5~test: Args: [ '-c',
11 silly lifecycle   'node ./node_modules/vscode/bin/test --disable-extensions' ]
12 info lifecycle php-import-checker@0.1.5~test: Failed to exec test script
13 verbose stack Error: php-import-checker@0.1.5 test: `node ./node_modules/vscode/bin/test --disable-extensions`
13 verbose stack spawn ENOENT
13 verbose stack     at ChildProcess.<anonymous> (/usr/share/npm/lib/utils/spawn.js:17:16)
13 verbose stack     at emitTwo (events.js:126:13)
13 verbose stack     at ChildProcess.emit (events.js:214:7)
13 verbose stack     at maybeClose (internal/child_process.js:925:16)
13 verbose stack     at Process.ChildProcess._handle.onexit (internal/child_process.js:209:5)
14 verbose pkgid php-import-checker@0.1.5
15 verbose cwd /Projects/php-import-checker
16 error Linux 4.9.125-linuxkit
17 error argv "/usr/bin/node" "/usr/bin/npm" "run" "test"
18 error node v8.10.0
19 error npm  v3.5.2
20 error file sh
21 error code ELIFECYCLE
22 error errno ENOENT
23 error syscall spawn
24 error php-import-checker@0.1.5 test: `node ./node_modules/vscode/bin/test --disable-extensions`
24 error spawn ENOENT
25 error Failed at the php-import-checker@0.1.5 test script 'node ./node_modules/vscode/bin/test --disable-extensions'.
25 error Make sure you have the latest version of node.js and npm installed.
25 error If you do, this is most likely a problem with the php-import-checker package,
25 error not with npm itself.
25 error Tell the author that this fails on your system:
25 error     node ./node_modules/vscode/bin/test --disable-extensions
25 error You can get information on how to open an issue for this project with:
25 error     npm bugs php-import-checker
25 error Or if that isn't available, you can get their info via:
25 error     npm owner ls php-import-checker
25 error There is likely additional logging output above.
26 verbose exit [ 1, true ]
